 
****************************************
Report : area
Design : QR_top
Version: Q-2019.12
Date   : Sat May 28 11:48:20 2022
****************************************

Library(s) Used:

    slow (File: /cad/CBDK/CBDK_IC_Contest_v2.1/SynopsysDC/db/slow.db)

Number of ports:                          470
Number of nets:                         42989
Number of cells:                        39472
Number of combinational cells:          38568
Number of sequential cells:               901
Number of macros/black boxes:               0
Number of buf/inv:                       7716
Number of references:                     187

Combinational area:             556652.146083
Buf/Inv area:                    43952.475231
Noncombinational area:           31597.101357
Macro/Black Box area:                0.000000
Net Interconnect area:         3876292.767975

Total cell area:                588249.247439
Total area:                    4464542.015414
1
